2025-08-17T12:53:13 exception: Failed to open "/home/Toast/.mpd/mpdstate": No such file or directory
2025-08-17T12:54:38 update: added The (probably) entire Ken Ashcorp discography/Touch Fluffy Tail - Ken Ashcorp.mp3
2025-08-17T12:54:38 update: added The (probably) entire Ken Ashcorp discography/In The Zone - Ken Ashcorp.mp3
2025-08-17T12:54:38 update: added The (probably) entire Ken Ashcorp discography/Hunter - Ken Ashcorp.mp3
2025-08-17T12:54:38 update: added The (probably) entire Ken Ashcorp discography/Black Lily - Ken Ashcorp.mp3
2025-08-17T12:54:38 update: added The (probably) entire Ken Ashcorp discography/Wear - Ken Ashcorp.mp3
2025-08-17T12:54:38 update: added The (probably) entire Ken Ashcorp discography/Blue - Ken Ashcorp.mp3
2025-08-17T12:54:38 update: added The (probably) entire Ken Ashcorp discography/Ken Ashcorp - Take Me Home - BananaMan90014.mp3
2025-08-17T12:54:38 update: added The (probably) entire Ken Ashcorp discography/Shut Up And Trust This - Ken Ashcorp.mp3
2025-08-17T12:54:38 update: added The (probably) entire Ken Ashcorp discography/Ryder Or Riot - Jonasan Bōto.mp3
2025-08-17T12:54:38 update: added The (probably) entire Ken Ashcorp discography/Paralyzed (Mystery Skulls cover) - Ken Ashcorp.mp3
2025-08-17T12:54:38 update: added The (probably) entire Ken Ashcorp discography/Burgz - Ken Ashcorp.mp3
2025-08-17T12:54:38 update: added The (probably) entire Ken Ashcorp discography/Absolute Territory - Ken Ashcorp.mp3
2025-08-17T12:54:38 update: added The (probably) entire Ken Ashcorp discography/Hold My Hand - Ken Ashcorp.mp3
2025-08-17T12:54:38 update: added The (probably) entire Ken Ashcorp discography/Dunkmaster Yi - VadeilXv2.mp3
2025-08-17T12:54:38 update: added The (probably) entire Ken Ashcorp discography/Rival - Ken Ashcorp.mp3
2025-08-17T12:54:38 update: added The (probably) entire Ken Ashcorp discography/Ken Ashcorp - WOULD YOU LIKE TO TALK ABOUT HOMESTUCK - Maxim Grunewald.mp3
2025-08-17T12:54:38 mpg123: mpg123_getformat() failed: Message: I am done with this track.
2025-08-17T12:54:38 mpg123: mpg123_getformat() failed: Message: I am done with this track.
2025-08-17T12:54:38 ffmpeg/mp3: Format mp3 detected only with low score of 24, misdetection possible!
2025-08-17T12:54:38 ffmpeg/mp3: Failed to find two consecutive MPEG audio frames.
2025-08-17T12:54:38 update: added The (probably) entire Ken Ashcorp discography/On The Rocks - Ken Ashcorp.mp3
2025-08-17T14:41:38 update: added everything-inabakumori/The stars get dark.mp3
2025-08-17T14:41:38 update: added everything-inabakumori/ハルノ寂寞.mp3
2025-08-17T14:41:38 update: added everything-inabakumori/Billow of Fireworks.mp3
2025-08-17T14:41:38 update: added everything-inabakumori/Loneliness of Spring.mp3
2025-08-17T14:41:38 update: added everything-inabakumori/SAKASAMA Girl Feeling.mp3
2025-08-17T14:41:38 update: added everything-inabakumori/Kagaribi (feat. inabakumori).mp3
2025-08-17T14:41:38 update: added everything-inabakumori/Pascal Beats.mp3
2025-08-17T14:41:38 update: added everything-inabakumori/Secret Music - 稲葉曇.mp3
2025-08-17T14:41:38 update: added everything-inabakumori/レイニーブーツ.mp3
2025-08-17T14:41:38 update: added everything-inabakumori/かたむすび.mp3
2025-08-17T14:41:38 update: added everything-inabakumori/ハローマリーナ.mp3
2025-08-17T14:41:38 update: added everything-inabakumori/天泣.mp3
2025-08-17T14:41:38 update: added everything-inabakumori/ラグトレイン.mp3
2025-08-17T14:41:38 update: added everything-inabakumori/私は雨.mp3
2025-08-17T14:41:38 update: added everything-inabakumori/カゼマチグサ - album ver..mp3
2025-08-17T14:41:38 update: added everything-inabakumori/とこしずめ.mp3
2025-08-17T14:41:38 update: added everything-inabakumori/シンクタンク.mp3
2025-08-17T14:41:38 update: added everything-inabakumori/ロストアンブレラ - STUDY WITH MIKU ver. -.mp3
2025-08-17T14:41:38 update: added everything-inabakumori/An image in the making.mp3
2025-08-17T14:41:38 update: added everything-inabakumori/Copy and Pastime.mp3
2025-08-17T14:41:38 update: added everything-inabakumori/ロールレスウエポン - 稲葉曇×Neru.mp3
2025-08-17T14:41:38 update: added everything-inabakumori/失敗作少女 - 稲葉曇 Remix.mp3
2025-08-17T14:41:38 update: added everything-inabakumori/ひみつの小学生.mp3
2025-08-17T14:41:38 update: added everything-inabakumori/Ipace.mp3
2025-08-17T14:41:38 update: added everything-inabakumori/フロートプレイ.mp3
2025-08-17T14:41:38 update: added everything-inabakumori/COOLER GIRL.mp3
2025-08-17T14:41:38 update: added everything-inabakumori/KOHAKU.mp3
2025-08-17T14:41:38 update: added everything-inabakumori/Anticyclone.mp3
2025-08-17T14:41:38 update: added everything-inabakumori/Loop Spinner.mp3
2025-08-17T14:41:38 update: added everything-inabakumori/Tears Radar.mp3
2025-08-17T14:41:38 update: added everything-inabakumori/Lastlive.mp3
2025-08-17T14:41:38 update: added everything-inabakumori/NON-USE.mp3
2025-08-17T14:41:38 update: added everything-inabakumori/ポストシェルター.mp3
2025-08-17T14:41:38 update: added everything-inabakumori/Floating Moonlight City.mp3
2025-08-17T14:41:38 update: added everything-inabakumori/きみに回帰線.mp3
2025-08-17T14:41:38 update: added everything-inabakumori/Lost Umbrella.mp3
2025-08-17T14:41:38 update: added everything-inabakumori/カゼマチグサ.mp3
2025-08-17T14:41:38 update: added everything-inabakumori/電気予報 (feat. 初音ミク).mp3
2025-08-17T14:41:38 update: added everything-inabakumori/レーダー.mp3
2025-08-17T14:41:38 update: added everything-inabakumori/リレイアウター.mp3
2025-08-17T14:41:38 mpg123: mpg123_getformat() failed: Message: I am done with this track.
2025-08-17T14:41:38 mpg123: mpg123_getformat() failed: Message: I am done with this track.
2025-08-17T14:41:38 ffmpeg/mp3: Format mp3 detected only with low score of 24, misdetection possible!
2025-08-17T14:41:38 ffmpeg/mp3: Failed to find two consecutive MPEG audio frames.
2025-08-17T15:48:16 player: played "everything-inabakumori/シンクタンク.mp3"
2025-08-17T15:52:46 player: played "everything-inabakumori/シンクタンク.mp3"
2025-08-17T15:56:21 player: played "everything-inabakumori/Anticyclone.mp3"
2025-08-17T16:36:08 player: played "everything-inabakumori/Billow of Fireworks.mp3"
2025-08-17T16:39:56 player: played "everything-inabakumori/COOLER GIRL.mp3"
2025-08-17T16:43:50 player: played "everything-inabakumori/Copy and Pastime.mp3"
2025-08-17T16:57:18 player: played "everything-inabakumori/Floating Moonlight City.mp3"
2025-08-17T17:00:43 player: played "everything-inabakumori/Loop Spinner.mp3"
2025-08-17T17:04:08 player: played "everything-inabakumori/Lost Umbrella.mp3"
2025-08-17T17:07:41 player: played "everything-inabakumori/NON-USE.mp3"
2025-08-17T17:11:00 player: played "everything-inabakumori/Pascal Beats.mp3"
2025-08-17T17:14:25 player: played "everything-inabakumori/SAKASAMA Girl Feeling.mp3"
2025-08-17T17:18:20 player: played "everything-inabakumori/Tears Radar.mp3"
2025-08-17T17:22:05 player: played "everything-inabakumori/The stars get dark.mp3"
2025-08-17T17:25:05 player: played "everything-inabakumori/Secret Music - 稲葉曇.mp3"
2025-08-17T17:28:02 player: played "everything-inabakumori/Ipace.mp3"
2025-08-17T17:31:12 player: played "everything-inabakumori/Loneliness of Spring.mp3"
2025-08-17T17:34:19 player: played "everything-inabakumori/Lastlive.mp3"
2025-08-17T17:37:36 player: played "everything-inabakumori/Kagaribi (feat. inabakumori).mp3"
2025-08-17T17:44:06 player: played "everything-inabakumori/カゼマチグサ - album ver..mp3"
2025-08-17T17:47:46 player: played "everything-inabakumori/かたむすび.mp3"
2025-08-17T17:50:54 player: played "everything-inabakumori/ハルノ寂寞.mp3"
2025-08-17T17:54:16 player: played "everything-inabakumori/ハローマリーナ.mp3"
2025-08-17T17:57:40 player: played "everything-inabakumori/ひみつの小学生.mp3"
2025-08-17T18:01:03 player: played "everything-inabakumori/ポストシェルター.mp3"
2025-08-18T00:24:21 player: played "everything-inabakumori/ラグトレイン.mp3"
2025-08-18T18:33:27 player: played "everything-inabakumori/ラグトレイン.mp3"
2025-08-18T18:36:39 player: played "everything-inabakumori/レーダー.mp3"
2025-08-18T18:39:52 player: played "everything-inabakumori/レイニーブーツ.mp3"
2025-08-18T18:43:20 player: played "everything-inabakumori/天泣.mp3"
2025-08-18T18:49:25 player: played "everything-inabakumori/カゼマチグサ.mp3"
2025-08-18T18:52:57 player: played "everything-inabakumori/きみに回帰線.mp3"
2025-08-18T18:56:11 player: played "everything-inabakumori/ロールレスウエポン - 稲葉曇×Neru.mp3"
2025-08-18T19:01:58 player: played "everything-inabakumori/KOHAKU.mp3"
2025-08-18T19:02:01 output: Failed to pause "pulse audio" (pulse): failed to connect the stream: No such entity
2025-08-18T21:26:14 player: played "everything-inabakumori/KOHAKU.mp3"
2025-08-18T22:31:05 player: played "everything-inabakumori/KOHAKU.mp3"
2025-08-18T23:13:09 player: played "everything-inabakumori/KOHAKU.mp3"
2025-08-19T11:47:20 player: played "everything-inabakumori/KOHAKU.mp3"
2025-08-19T14:21:29 player: played "everything-inabakumori/KOHAKU.mp3"
2025-08-19T22:25:53 player: played "everything-inabakumori/KOHAKU.mp3"
2025-08-21T12:58:01 player: played "everything-inabakumori/KOHAKU.mp3"
2025-08-21T23:22:00 player: played "everything-inabakumori/KOHAKU.mp3"
2025-08-22T18:04:56 player: played "everything-inabakumori/KOHAKU.mp3"
2025-08-24T01:41:10 player: played "everything-inabakumori/KOHAKU.mp3"
2025-08-24T21:13:50 player: played "everything-inabakumori/KOHAKU.mp3"
2025-08-24T21:17:52 player: played "everything-inabakumori/フロートプレイ.mp3"
2025-08-24T21:20:57 player: played "everything-inabakumori/失敗作少女 - 稲葉曇 Remix.mp3"
2025-08-24T21:24:06 player: played "everything-inabakumori/リレイアウター.mp3"
2025-08-24T21:27:46 player: played "everything-inabakumori/私は雨.mp3"
2025-08-24T21:31:38 player: played "everything-inabakumori/電気予報 (feat. 初音ミク).mp3"
2025-08-24T21:33:58 player: played "everything-inabakumori/とこしずめ.mp3"
2025-08-24T21:37:43 player: played "everything-inabakumori/シンクタンク.mp3"
2025-08-24T21:45:29 player: played "everything-inabakumori/An image in the making.mp3"
2025-08-24T21:48:42 player: played "everything-inabakumori/Anticyclone.mp3"
2025-08-24T21:51:41 player: played "everything-inabakumori/Billow of Fireworks.mp3"
2025-08-24T21:55:28 player: played "everything-inabakumori/COOLER GIRL.mp3"
2025-08-24T21:59:22 player: played "everything-inabakumori/Copy and Pastime.mp3"
2025-08-24T22:02:58 player: played "everything-inabakumori/Floating Moonlight City.mp3"
2025-08-24T22:09:25 player: played "everything-inabakumori/Loop Spinner.mp3"
2025-08-24T22:12:50 player: played "everything-inabakumori/Lost Umbrella.mp3"
2025-08-24T23:53:38 player: played "everything-inabakumori/NON-USE.mp3"
2025-08-25T00:30:36 player: played "everything-inabakumori/Pascal Beats.mp3"
2025-08-25T00:34:02 player: played "everything-inabakumori/SAKASAMA Girl Feeling.mp3"
2025-08-25T00:37:57 player: played "everything-inabakumori/Tears Radar.mp3"
2025-08-25T00:41:41 player: played "everything-inabakumori/The stars get dark.mp3"
2025-08-25T00:44:41 player: played "everything-inabakumori/Secret Music - 稲葉曇.mp3"
2025-08-25T00:47:38 player: played "everything-inabakumori/Ipace.mp3"
2025-08-25T00:50:49 player: played "everything-inabakumori/Loneliness of Spring.mp3"
2025-08-25T00:53:56 player: played "everything-inabakumori/Lastlive.mp3"
2025-08-25T00:57:12 player: played "everything-inabakumori/Kagaribi (feat. inabakumori).mp3"
2025-08-25T01:01:53 player: played "everything-inabakumori/ロストアンブレラ - STUDY WITH MIKU ver. -.mp3"
2025-08-25T01:05:24 player: played "everything-inabakumori/カゼマチグサ - album ver..mp3"
2025-08-25T01:09:03 player: played "everything-inabakumori/かたむすび.mp3"
2025-08-25T01:12:12 player: played "everything-inabakumori/ハルノ寂寞.mp3"
2025-08-25T01:15:34 player: played "everything-inabakumori/ハローマリーナ.mp3"
2025-08-25T01:18:58 player: played "everything-inabakumori/ひみつの小学生.mp3"
2025-08-25T01:22:21 player: played "everything-inabakumori/ポストシェルター.mp3"
2025-08-25T01:26:33 player: played "everything-inabakumori/ラグトレイン.mp3"
2025-08-25T01:26:39 player: played "everything-inabakumori/レーダー.mp3"
2025-08-25T01:30:53 player: played "everything-inabakumori/レーダー.mp3"
2025-08-25T01:31:30 player: played "everything-inabakumori/レイニーブーツ.mp3"
2025-08-25T16:58:09 player: played "everything-inabakumori/レイニーブーツ.mp3"
2025-08-25T17:01:37 player: played "everything-inabakumori/天泣.mp3"
2025-08-25T18:12:00 player: played "everything-inabakumori/カゼマチグサ.mp3"
2025-08-25T18:16:00 player: played "everything-inabakumori/きみに回帰線.mp3"
2025-08-25T18:19:13 player: played "everything-inabakumori/ロールレスウエポン - 稲葉曇×Neru.mp3"
2025-08-25T18:22:37 player: played "everything-inabakumori/KOHAKU.mp3"
2025-08-25T18:26:40 player: played "everything-inabakumori/フロートプレイ.mp3"
2025-08-25T18:29:44 player: played "everything-inabakumori/失敗作少女 - 稲葉曇 Remix.mp3"
2025-08-25T18:32:54 player: played "everything-inabakumori/リレイアウター.mp3"
2025-08-25T18:36:34 player: played "everything-inabakumori/私は雨.mp3"
2025-08-25T19:48:30 player: played "everything-inabakumori/電気予報 (feat. 初音ミク).mp3"
2025-08-25T22:39:20 player: played "everything-inabakumori/電気予報 (feat. 初音ミク).mp3"
2025-08-25T22:49:09 player: played "everything-inabakumori/とこしずめ.mp3"
2025-08-26T23:44:10 player: played "everything-inabakumori/とこしずめ.mp3"
2025-08-27T15:03:42 player: played "everything-inabakumori/とこしずめ.mp3"
2025-08-27T15:09:09 player: played "everything-inabakumori/Copy and Pastime.mp3"
2025-08-27T15:12:45 player: played "everything-inabakumori/Floating Moonlight City.mp3"
